2023-08-06 06:52:28.469191 - Initialized conversion of CBT749
2023-08-06 06:52:28.757551 - Received CBT.V505.FILE749.PDS from FILE749.XMI 
2023-08-06 06:52:28.759848 - Found $$$#DATE.txt (text/plain) in CBT.V505.FILE749.PDS, moved to PDS/$$$#DATE
2023-08-06 06:52:28.760941 - Found $$$COGSF.txt (text/plain) in CBT.V505.FILE749.PDS, moved to PDS/$$$COGSF
2023-08-06 06:52:28.761943 - Found $$INDEX.txt (text/plain) in CBT.V505.FILE749.PDS, moved to PDS/$$INDEX
2023-08-06 06:52:28.762888 - Found @FILE749.txt (text/plain) in CBT.V505.FILE749.PDS, moved to PDS/@FILE749
2023-08-06 06:52:28.763845 - Found BLKSIZE2.jcl (text/plain) in CBT.V505.FILE749.PDS, moved to PDS/BLKSIZE2
2023-08-06 06:52:28.764725 - Found BUILDCDE.jcl (text/plain) in CBT.V505.FILE749.PDS, moved to PDS/BUILDCDE
2023-08-06 06:52:28.765598 - Found BYPASSNQ.jcl (text/plain) in CBT.V505.FILE749.PDS, moved to PDS/BYPASSNQ
2023-08-06 06:52:28.766491 - Found CANMSGCL.jcl (text/plain) in CBT.V505.FILE749.PDS, moved to PDS/CANMSGCL
2023-08-06 06:52:28.767389 - Found CLEANUP.jcl (text/plain) in CBT.V505.FILE749.PDS, moved to PDS/CLEANUP
2023-08-06 06:52:28.768245 - Found CLS.jcl (text/plain) in CBT.V505.FILE749.PDS, moved to PDS/CLS
2023-08-06 06:52:28.769137 - Found CMDJ.jcl (text/plain) in CBT.V505.FILE749.PDS, moved to PDS/CMDJ
2023-08-06 06:52:28.770025 - Found DEFGDGSR.jcl (text/plain) in CBT.V505.FILE749.PDS, moved to PDS/DEFGDGSR
2023-08-06 06:52:28.770866 - Found DONTFAIL.jcl (text/plain) in CBT.V505.FILE749.PDS, moved to PDS/DONTFAIL
2023-08-06 06:52:28.771681 - Found EASYSORT.jcl (text/plain) in CBT.V505.FILE749.PDS, moved to PDS/EASYSORT
2023-08-06 06:52:28.772511 - Found EXECPGM.jcl (text/plain) in CBT.V505.FILE749.PDS, moved to PDS/EXECPGM
2023-08-06 06:52:28.773392 - Found FILLDASD.jcl (text/plain) in CBT.V505.FILE749.PDS, moved to PDS/FILLDASD
2023-08-06 06:52:28.774374 - Found GETDIR.jcl (text/plain) in CBT.V505.FILE749.PDS, moved to PDS/GETDIR
2023-08-06 06:52:28.775272 - Found GSFLKED.jcl (text/plain) in CBT.V505.FILE749.PDS, moved to PDS/GSFLKED
2023-08-06 06:52:28.776198 - Found HANDBOOK.jcl (text/plain) in CBT.V505.FILE749.PDS, moved to PDS/HANDBOOK
2023-08-06 06:52:28.777128 - Found INITKSDS.jcl (text/plain) in CBT.V505.FILE749.PDS, moved to PDS/INITKSDS
2023-08-06 06:52:28.778096 - Found JOBRLSE.jcl (text/plain) in CBT.V505.FILE749.PDS, moved to PDS/JOBRLSE
2023-08-06 06:52:28.779079 - Found NOTCTLG3.jcl (text/plain) in CBT.V505.FILE749.PDS, moved to PDS/NOTCTLG3
2023-08-06 06:52:28.780117 - Found STRING.txt (text/plain) in CBT.V505.FILE749.PDS, moved to PDS/STRING
2023-08-06 06:52:28.781059 - Found SYSMOVE.jcl (text/plain) in CBT.V505.FILE749.PDS, moved to PDS/SYSMOVE
2023-08-06 06:52:28.782022 - Found TCTDCTR.jcl (text/plain) in CBT.V505.FILE749.PDS, moved to PDS/TCTDCTR
2023-08-06 06:52:28.782932 - Found TRIMMAC.jcl (text/plain) in CBT.V505.FILE749.PDS, moved to PDS/TRIMMAC
2023-08-06 06:52:28.783806 - Found UNITAFF.jcl (text/plain) in CBT.V505.FILE749.PDS, moved to PDS/UNITAFF
